# JRE version: OpenJDK Runtime Environment (11.0.12) (build 11.0.12+0-b1504.28-7817840)
# Java VM: OpenJDK 64-Bit Server VM (11.0.12+0-b1504.28-7817840, mixed mode, tiered, compressed oops, g1 gc, linux-amd64)
Heap:
 garbage-first heap   total 253952K, used 208121K [0x0000000080000000, 0x0000000100000000)
  region size 1024K, 83 young (84992K), 8 survivors (8192K)
 Metaspace       used 132701K, capacity 137648K, committed 138896K, reserved 1169408K
  class space    used 16454K, capacity 18244K, committed 19200K, reserved 1048576K
GC Heap History (20 events):
Event: 1532,594 GC heap before
{Heap before GC invocations=65 (full 0):
 garbage-first heap   total 253952K, used 131988K [0x0000000080000000, 0x0000000100000000)
  region size 1024K, 30 young (30720K), 2 survivors (2048K)
 Metaspace       used 130170K, capacity 134247K, committed 137360K, reserved 1167360K
  class space    used 16144K, capacity 17670K, committed 19200K, reserved 1048576K
}
Event: 1532,601 GC heap after
{Heap after GC invocations=66 (full 0):
 garbage-first heap   total 253952K, used 108331K [0x0000000080000000, 0x0000000100000000)
  region size 1024K, 5 young (5120K), 5 survivors (5120K)
 Metaspace       used 130170K, capacity 134247K, committed 137360K, reserved 1167360K
  class space    used 16144K, capacity 17670K, committed 19200K, reserved 1048576K
}
Event: 1602,671 GC heap before
{Heap before GC invocations=67 (full 0):
 garbage-first heap   total 253952K, used 224043K [0x0000000080000000, 0x0000000100000000)
  region size 1024K, 95 young (97280K), 5 survivors (5120K)
 Metaspace       used 130266K, capacity 134380K, committed 137616K, reserved 1167360K
  class space    used 16144K, capacity 17670K, committed 19200K, reserved 1048576K
}
Event: 1602,674 GC heap after
{Heap after GC invocations=68 (full 0):
 garbage-first heap   total 253952K, used 111822K [0x0000000080000000, 0x0000000100000000)
  region size 1024K, 6 young (6144K), 6 survivors (6144K)
 Metaspace       used 130266K, capacity 134380K, committed 137616K, reserved 1167360K
  class space    used 16144K, capacity 17670K, committed 19200K, reserved 1048576K
}
Event: 1602,702 GC heap before
{Heap before GC invocations=68 (full 0):
 garbage-first heap   total 253952K, used 117966K [0x0000000080000000, 0x0000000100000000)
  region size 1024K, 12 young (12288K), 6 survivors (6144K)
 Metaspace       used 130285K, capacity 134380K, committed 137616K, reserved 1167360K
  class space    used 16144K, capacity 17670K, committed 19200K, reserved 1048576K
}
Event: 1602,706 GC heap after
{Heap after GC invocations=69 (full 0):
 garbage-first heap   total 253952K, used 103911K [0x0000000080000000, 0x0000000100000000)
  region size 1024K, 2 young (2048K), 2 survivors (2048K)
 Metaspace       used 130285K, capacity 134380K, committed 137616K, reserved 1167360K
  class space    used 16144K, capacity 17670K, committed 19200K, reserved 1048576K
}
Event: 1602,846 GC heap before
{Heap before GC invocations=69 (full 0):
 garbage-first heap   total 253952K, used 137703K [0x0000000080000000, 0x0000000100000000)
  region size 1024K, 37 young (37888K), 2 survivors (2048K)
 Metaspace       used 130311K, capacity 134382K, committed 137616K, reserved 1167360K
  class space    used 16144K, capacity 17670K, committed 19200K, reserved 1048576K
}
Event: 1602,858 GC heap after
{Heap after GC invocations=70 (full 0):
 garbage-first heap   total 253952K, used 108621K [0x0000000080000000, 0x0000000100000000)
  region size 1024K, 7 young (7168K), 7 survivors (7168K)
 Metaspace       used 130311K, capacity 134382K, committed 137616K, reserved 1167360K
  class space    used 16144K, capacity 17670K, committed 19200K, reserved 1048576K
}
Event: 1653,944 GC heap before
{Heap before GC invocations=71 (full 0):
 garbage-first heap   total 253952K, used 220237K [0x0000000080000000, 0x0000000100000000)
  region size 1024K, 93 young (95232K), 7 survivors (7168K)
 Metaspace       used 130500K, capacity 134581K, committed 137872K, reserved 1169408K
  class space    used 16145K, capacity 17670K, committed 19200K, reserved 1048576K
}
Event: 1653,948 GC heap after
{Heap after GC invocations=72 (full 0):
 garbage-first heap   total 253952K, used 112469K [0x0000000080000000, 0x0000000100000000)
  region size 1024K, 7 young (7168K), 7 survivors (7168K)
 Metaspace       used 130500K, capacity 134581K, committed 137872K, reserved 1169408K
  class space    used 16145K, capacity 17670K, committed 19200K, reserved 1048576K
}
Event: 1653,966 GC heap before
{Heap before GC invocations=72 (full 0):
 garbage-first heap   total 253952K, used 116565K [0x0000000080000000, 0x0000000100000000)
  region size 1024K, 12 young (12288K), 7 survivors (7168K)
 Metaspace       used 130501K, capacity 134581K, committed 137872K, reserved 1169408K
  class space    used 16145K, capacity 17670K, committed 19200K, reserved 1048576K
}
Event: 1653,970 GC heap after
{Heap after GC invocations=73 (full 0):
 garbage-first heap   total 253952K, used 102532K [0x0000000080000000, 0x0000000100000000)
  region size 1024K, 2 young (2048K), 2 survivors (2048K)
 Metaspace       used 130501K, capacity 134581K, committed 137872K, reserved 1169408K
  class space    used 16145K, capacity 17670K, committed 19200K, reserved 1048576K
}
Event: 1654,128 GC heap before
{Heap before GC invocations=73 (full 0):
 garbage-first heap   total 253952K, used 144516K [0x0000000080000000, 0x0000000100000000)
  region size 1024K, 45 young (46080K), 2 survivors (2048K)
 Metaspace       used 130571K, capacity 134630K, committed 137872K, reserved 1169408K
  class space    used 16153K, capacity 17686K, committed 19200K, reserved 1048576K
}
Event: 1654,141 GC heap after
{Heap after GC invocations=74 (full 0):
 garbage-first heap   total 253952K, used 108272K [0x0000000080000000, 0x0000000100000000)
  region size 1024K, 7 young (7168K), 7 survivors (7168K)
 Metaspace       used 130571K, capacity 134630K, committed 137872K, reserved 1169408K
  class space    used 16153K, capacity 17686K, committed 19200K, reserved 1048576K
}
Event: 1738,449 GC heap before
{Heap before GC invocations=75 (full 0):
 garbage-first heap   total 253952K, used 223984K [0x0000000080000000, 0x0000000100000000)
  region size 1024K, 97 young (99328K), 7 survivors (7168K)
 Metaspace       used 131577K, capacity 136019K, committed 138128K, reserved 1169408K
  class space    used 16310K, capacity 17977K, committed 19200K, reserved 1048576K
}
Event: 1738,453 GC heap after
{Heap after GC invocations=76 (full 0):
 garbage-first heap   total 253952K, used 111293K [0x0000000080000000, 0x0000000100000000)
  region size 1024K, 8 young (8192K), 8 survivors (8192K)
 Metaspace       used 131577K, capacity 136019K, committed 138128K, reserved 1169408K
  class space    used 16310K, capacity 17977K, committed 19200K, reserved 1048576K
}
Event: 1738,465 GC heap before
{Heap before GC invocations=76 (full 0):
 garbage-first heap   total 253952K, used 115389K [0x0000000080000000, 0x0000000100000000)
  region size 1024K, 12 young (12288K), 8 survivors (8192K)
 Metaspace       used 131578K, capacity 136019K, committed 138128K, reserved 1169408K
  class space    used 16310K, capacity 17977K, committed 19200K, reserved 1048576K
}
Event: 1738,471 GC heap after
{Heap after GC invocations=77 (full 0):
 garbage-first heap   total 253952K, used 102482K [0x0000000080000000, 0x0000000100000000)
  region size 1024K, 2 young (2048K), 2 survivors (2048K)
 Metaspace       used 131578K, capacity 136019K, committed 138128K, reserved 1169408K
  class space    used 16310K, capacity 17977K, committed 19200K, reserved 1048576K
}
Event: 1738,693 GC heap before
{Heap before GC invocations=77 (full 0):
 garbage-first heap   total 253952K, used 151634K [0x0000000080000000, 0x0000000100000000)
  region size 1024K, 52 young (53248K), 2 survivors (2048K)
 Metaspace       used 132502K, capacity 137402K, committed 138384K, reserved 1169408K
  class space    used 16447K, capacity 18230K, committed 19200K, reserved 1048576K
}
Event: 1738,707 GC heap after
{Heap after GC invocations=78 (full 0):
 garbage-first heap   total 253952K, used 108793K [0x0000000080000000, 0x0000000100000000)
  region size 1024K, 8 young (8192K), 8 survivors (8192K)
 Metaspace       used 132502K, capacity 137402K, committed 138384K, reserved 1169408K
  class space    used 16447K, capacity 18230K, committed 19200K, reserved 1048576K
}

